Determining if the pthread_create exist failed with the following output:
Change Dir: /home/vader/catkin_ws/src/phidgets/build/CMakeFiles/CMakeTmp

Run Build Command:"/usr/bin/make" "cmTC_92902/fast"
make[1]: Entering directory '/home/vader/catkin_ws/src/phidgets/build/CMakeFiles/CMakeTmp'
/usr/bin/make -f CMakeFiles/cmTC_92902.dir/build.make CMakeFiles/cmTC_92902.dir/build
make[2]: Entering directory '/home/vader/catkin_ws/src/phidgets/build/CMakeFiles/CMakeTmp'
Building C object CMakeFiles/cmTC_92902.dir/CheckSymbolExists.c.o
/usr/bin/cc     -o CMakeFiles/cmTC_92902.dir/CheckSymbolExists.c.o   -c /home/vader/catkin_ws/src/phidgets/build/CMakeFiles/CMakeTmp/CheckSymbolExists.c
Linking C executable cmTC_92902
/usr/bin/cmake -E cmake_link_script CMakeFiles/cmTC_92902.dir/link.txt --verbose=1
/usr/bin/cc       CMakeFiles/cmTC_92902.dir/CheckSymbolExists.c.o  -o cmTC_92902 -rdynamic 
CMakeFiles/cmTC_92902.dir/CheckSymbolExists.c.o: In function `main':
CheckSymbolExists.c:(.text+0x16): undefined reference to `pthread_create'
collect2: error: ld returned 1 exit status
CMakeFiles/cmTC_92902.dir/build.make:97: recipe for target 'cmTC_92902' failed
make[2]: *** [cmTC_92902] Error 1
make[2]: Leaving directory '/home/vader/catkin_ws/src/phidgets/build/CMakeFiles/CMakeTmp'
Makefile:126: recipe for target 'cmTC_92902/fast' failed
make[1]: *** [cmTC_92902/fast] Error 2
make[1]: Leaving directory '/home/vader/catkin_ws/src/phidgets/build/CMakeFiles/CMakeTmp'

File /home/vader/catkin_ws/src/phidgets/build/CMakeFiles/CMakeTmp/CheckSymbolExists.c:
/* */
#include <pthread.h>

int main(int argc, char** argv)
{
  (void)argv;
#ifndef pthread_create
  return ((int*)(&pthread_create))[argc];
#else
  (void)argc;
  return 0;
#endif
}

Determining if the function pthread_create exists in the pthreads failed with the following output:
Change Dir: /home/vader/catkin_ws/src/phidgets/build/CMakeFiles/CMakeTmp

Run Build Command:"/usr/bin/make" "cmTC_16035/fast"
make[1]: Entering directory '/home/vader/catkin_ws/src/phidgets/build/CMakeFiles/CMakeTmp'
/usr/bin/make -f CMakeFiles/cmTC_16035.dir/build.make CMakeFiles/cmTC_16035.dir/build
make[2]: Entering directory '/home/vader/catkin_ws/src/phidgets/build/CMakeFiles/CMakeTmp'
Building C object CMakeFiles/cmTC_16035.dir/CheckFunctionExists.c.o
/usr/bin/cc    -DCHECK_FUNCTION_EXISTS=pthread_create   -o CMakeFiles/cmTC_16035.dir/CheckFunctionExists.c.o   -c /usr/share/cmake-3.5/Modules/CheckFunctionExists.c
Linking C executable cmTC_16035
/usr/bin/cmake -E cmake_link_script CMakeFiles/cmTC_16035.dir/link.txt --verbose=1
/usr/bin/cc   -DCHECK_FUNCTION_EXISTS=pthread_create    CMakeFiles/cmTC_16035.dir/CheckFunctionExists.c.o  -o cmTC_16035 -rdynamic -lpthreads 
/usr/bin/ld: cannot find -lpthreads
collect2: error: ld returned 1 exit status
CMakeFiles/cmTC_16035.dir/build.make:97: recipe for target 'cmTC_16035' failed
make[2]: *** [cmTC_16035] Error 1
make[2]: Leaving directory '/home/vader/catkin_ws/src/phidgets/build/CMakeFiles/CMakeTmp'
Makefile:126: recipe for target 'cmTC_16035/fast' failed
make[1]: *** [cmTC_16035/fast] Error 2
make[1]: Leaving directory '/home/vader/catkin_ws/src/phidgets/build/CMakeFiles/CMakeTmp'


